e:\documents\visual studio 2013\projects\blankwindow\x64\debug\texturemap.cso
e:\documents\visual studio 2013\projects\blankwindow\blankwindow\x64\debug\vc120.pdb
e:\documents\visual studio 2013\projects\blankwindow\blankwindow\x64\debug\vc120.idb
e:\documents\visual studio 2013\projects\blankwindow\blankwindow\x64\debug\directdevice.obj
e:\documents\visual studio 2013\projects\blankwindow\blankwindow\x64\debug\main.obj
e:\documents\visual studio 2013\projects\blankwindow\blankwindow\x64\debug\sprite.obj
e:\documents\visual studio 2013\projects\blankwindow\blankwindow\x64\debug\vc141.pdb
e:\documents\visual studio 2013\projects\blankwindow\blankwindow\x64\debug\vc141.idb
e:\documents\visual studio 2013\projects\blankwindow\blankwindow\x64\debug\gametime.obj
e:\documents\visual studio 2013\projects\blankwindow\blankwindow\x64\debug\game.obj
e:\documents\visual studio 2013\projects\blankwindow\x64\debug\blankwindow.exe
e:\documents\visual studio 2013\projects\blankwindow\x64\debug\blankwindow.ilk
e:\documents\visual studio 2013\projects\blankwindow\x64\debug\blankwindow.pdb
e:\documents\visual studio 2013\projects\blankwindow\blankwindow\x64\debug\blankwindow.vcxprojresolveassemblyreference.cache
e:\documents\visual studio 2013\projects\blankwindow\blankwindow\x64\debug\blankwindow.tlog\blankwindow.write.1u.tlog
e:\documents\visual studio 2013\projects\blankwindow\blankwindow\x64\debug\blankwindow.tlog\cl.command.1.tlog
e:\documents\visual studio 2013\projects\blankwindow\blankwindow\x64\debug\blankwindow.tlog\cl.read.1.tlog
e:\documents\visual studio 2013\projects\blankwindow\blankwindow\x64\debug\blankwindow.tlog\cl.write.1.tlog
e:\documents\visual studio 2013\projects\blankwindow\blankwindow\x64\debug\blankwindow.tlog\fxc.command.1.tlog
e:\documents\visual studio 2013\projects\blankwindow\blankwindow\x64\debug\blankwindow.tlog\fxc.read.1.tlog
e:\documents\visual studio 2013\projects\blankwindow\blankwindow\x64\debug\blankwindow.tlog\link.command.1.tlog
e:\documents\visual studio 2013\projects\blankwindow\blankwindow\x64\debug\blankwindow.tlog\link.delete.1.tlog
e:\documents\visual studio 2013\projects\blankwindow\blankwindow\x64\debug\blankwindow.tlog\link.read.1.tlog
e:\documents\visual studio 2013\projects\blankwindow\blankwindow\x64\debug\blankwindow.tlog\link.write.1.tlog
